<?xml version="1.0" encoding="UTF-8" standalone="no"?>
<!DOCTYPE log SYSTEM "logger.dtd">
<log>
<record>
  <date>2019-04-24T14:26:08</date>
  <millis>1556090768799</millis>
  <sequence>0</sequence>
  <level>START</level>
  <class>com.kms.katalon.core.logging.XmlKeywordLogger</class>
  <method>startSuite</method>
  <thread>1</thread>
  <message>Start Test Suite : Test Suites/hj</message>
  <nestedLevel>0</nestedLevel>
  <property name="name">hj</property>
  <property name="description"></property>
  <property name="id">Test Suites/hj</property>
</record>
<record>
  <date>2019-04-24T14:26:08</date>
  <millis>1556090768851</millis>
  <sequence>1</sequence>
  <level>RUN_DATA</level>
  <class>com.kms.katalon.core.logging.XmlKeywordLogger</class>
  <method>logMessage</method>
  <thread>1</thread>
  <message>hostName = User - AnhNDSE63049</message>
  <nestedLevel>0</nestedLevel>
  <property name="hostName">User - AnhNDSE63049</property>
</record>
<record>
  <date>2019-04-24T14:26:08</date>
  <millis>1556090768855</millis>
  <sequence>2</sequence>
  <level>RUN_DATA</level>
  <class>com.kms.katalon.core.logging.XmlKeywordLogger</class>
  <method>logMessage</method>
  <thread>1</thread>
  <message>os = Windows 10 64bit</message>
  <nestedLevel>0</nestedLevel>
  <property name="os">Windows 10 64bit</property>
</record>
<record>
  <date>2019-04-24T14:26:08</date>
  <millis>1556090768858</millis>
  <sequence>3</sequence>
  <level>RUN_DATA</level>
  <class>com.kms.katalon.core.logging.XmlKeywordLogger</class>
  <method>logMessage</method>
  <thread>1</thread>
  <message>hostAddress = 192.168.112.1</message>
  <nestedLevel>0</nestedLevel>
  <property name="hostAddress">192.168.112.1</property>
</record>
<record>
  <date>2019-04-24T14:26:08</date>
  <millis>1556090768864</millis>
  <sequence>4</sequence>
  <level>RUN_DATA</level>
  <class>com.kms.katalon.core.logging.XmlKeywordLogger</class>
  <method>logMessage</method>
  <thread>1</thread>
  <message>katalonVersion = 6.1.2.2</message>
  <nestedLevel>0</nestedLevel>
  <property name="katalonVersion">6.1.2.2</property>
</record>
<record>
  <date>2019-04-24T14:26:09</date>
  <millis>1556090769235</millis>
  <sequence>5</sequence>
  <level>START</level>
  <class>com.kms.katalon.core.logging.XmlKeywordLogger</class>
  <method>startTest</method>
  <thread>1</thread>
  <message>Start Test Case : Test Cases/r</message>
  <nestedLevel>1</nestedLevel>
  <property name="name">Test Cases/r</property>
  <property name="description"></property>
  <property name="id">Test Cases/r</property>
  <property name="source">D:\\IT\\Katalon\\new\\Test Cases\\r.tc</property>
  <property name="tag"></property>
  <property name="isOptional">false</property>
</record>
<record>
  <date>2019-04-24T14:26:09</date>
  <millis>1556090769703</millis>
  <sequence>7</sequence>
  <level>START</level>
  <class>com.kms.katalon.core.logging.XmlKeywordLogger</class>
  <method>startKeyword</method>
  <thread>1</thread>
  <message>Start action : return null</message>
  <nestedLevel>1</nestedLevel>
  <property name="startLine">-1</property>
  <property name="stepIndex">1</property>
</record>
<record>
  <date>2019-04-24T14:26:09</date>
  <millis>1556090769705</millis>
  <sequence>8</sequence>
  <level>END</level>
  <class>com.kms.katalon.core.logging.XmlKeywordLogger</class>
  <method>endKeyword</method>
  <thread>1</thread>
  <message>End action : return null</message>
  <nestedLevel>1</nestedLevel>
</record>
<record>
  <date>2019-04-24T14:26:09</date>
  <millis>1556090769706</millis>
  <sequence>9</sequence>
  <level>PASSED</level>
  <class>com.kms.katalon.core.logging.XmlKeywordLogger</class>
  <method>logMessage</method>
  <thread>1</thread>
  <message>Test Cases/r</message>
  <nestedLevel>1</nestedLevel>
</record>
<record>
  <date>2019-04-24T14:26:09</date>
  <millis>1556090769706</millis>
  <sequence>10</sequence>
  <level>END</level>
  <class>com.kms.katalon.core.logging.XmlKeywordLogger</class>
  <method>endTest</method>
  <thread>1</thread>
  <message>End Test Case : Test Cases/r</message>
  <nestedLevel>0</nestedLevel>
</record>
<record>
  <date>2019-04-24T14:26:09</date>
  <millis>1556090769723</millis>
  <sequence>11</sequence>
  <level>START</level>
  <class>com.kms.katalon.core.logging.XmlKeywordLogger</class>
  <method>startTest</method>
  <thread>1</thread>
  <message>Start Test Case : Test Cases/p</message>
  <nestedLevel>1</nestedLevel>
  <property name="name">Test Cases/p</property>
  <property name="description"></property>
  <property name="id">Test Cases/p</property>
  <property name="source">D:\\IT\\Katalon\\new\\Test Cases\\p.tc</property>
  <property name="tag"></property>
  <property name="isOptional">false</property>
</record>
<record>
  <date>2019-04-24T14:26:09</date>
  <millis>1556090769947</millis>
  <sequence>13</sequence>
  <level>START</level>
  <class>com.kms.katalon.core.logging.XmlKeywordLogger</class>
  <method>startKeyword</method>
  <thread>1</thread>
  <message>Start action : return null</message>
  <nestedLevel>1</nestedLevel>
  <property name="startLine">-1</property>
  <property name="stepIndex">1</property>
</record>
<record>
  <date>2019-04-24T14:26:09</date>
  <millis>1556090769948</millis>
  <sequence>14</sequence>
  <level>END</level>
  <class>com.kms.katalon.core.logging.XmlKeywordLogger</class>
  <method>endKeyword</method>
  <thread>1</thread>
  <message>End action : return null</message>
  <nestedLevel>1</nestedLevel>
</record>
<record>
  <date>2019-04-24T14:26:09</date>
  <millis>1556090769948</millis>
  <sequence>15</sequence>
  <level>PASSED</level>
  <class>com.kms.katalon.core.logging.XmlKeywordLogger</class>
  <method>logMessage</method>
  <thread>1</thread>
  <message>Test Cases/p</message>
  <nestedLevel>1</nestedLevel>
</record>
<record>
  <date>2019-04-24T14:26:09</date>
  <millis>1556090769949</millis>
  <sequence>16</sequence>
  <level>END</level>
  <class>com.kms.katalon.core.logging.XmlKeywordLogger</class>
  <method>endTest</method>
  <thread>1</thread>
  <message>End Test Case : Test Cases/p</message>
  <nestedLevel>0</nestedLevel>
</record>
<record>
  <date>2019-04-24T14:26:10</date>
  <millis>1556090770150</millis>
  <sequence>17</sequence>
  <level>END</level>
  <class>com.kms.katalon.core.logging.XmlKeywordLogger</class>
  <method>endSuite</method>
  <thread>1</thread>
  <message>End Test Suite : Test Suites/hj</message>
  <nestedLevel>0</nestedLevel>
</record>
</log>
